<?xml version="1.0" encoding="UTF-8"?>
<!-- Generated by org.testng.reporters.JUnitReportReporter -->
<testsuite hostname="DESKTOP-OLCN4O6" failures="0" tests="1" name="extendsreports.LearnExtentReports" time="3.255" errors="0" timestamp="2025-02-18T23:08:01 IST" skipped="0">
  <testcase classname="extendsreports.LearnExtentReports" name="createreports" time="3.255"/>
</testsuite> <!-- extendsreports.LearnExtentReports -->
